<?xml version="1.0" encoding="UTF-8"?>
<!-- Generated by org.testng.reporters.JUnitReportReporter -->
<testsuite hostname="LAPTOP-8TJF2JEA" failures="0" tests="3" name="testng.Trial" time="0.011" errors="0" timestamp="2022-02-08T16:22:02 IST" skipped="0">
  <testcase classname="testng.Trial" name="test1" time="0.001"/>
  <system-out>
    <![CDATA[2]]>
  </system-out>
  <testcase classname="testng.Trial" name="sample" time="0.008"/>
  <system-out>
    <![CDATA[3]]>
  </system-out>
  <testcase classname="testng.Trial" name="test" time="0.002"/>
  <system-out>
    <![CDATA[1]]>
  </system-out>
</testsuite> <!-- testng.Trial -->
