<?xml version="1.0" encoding="UTF-8"?>
<!-- Generated by org.testng.reporters.JUnitReportReporter -->
<testsuite hostname="LAPTOP-8TJF2JEA" failures="0" tests="1" name="testng.TestCase1" time="8.284" errors="0" timestamp="2022-02-18T23:48:48 IST" skipped="0">
  <testcase classname="testng.TestCase1" name="test" time="8.284"/>
  <system-out/>
</testsuite> <!-- testng.TestCase1 -->
