<?xml version="1.0" encoding="UTF-8"?>
<!-- Generated by org.testng.reporters.JUnitReportReporter -->
<testsuite hostname="LAPTOP-8TJF2JEA" failures="0" tests="8" name="testng.Trail2" time="0.017" errors="0" timestamp="2022-02-07T12:03:38 IST" skipped="0">
  <testcase classname="testng.Trail2" name="test" time="0.001"/>
  <system-out>
    <![CDATA[Signup]]>
  </system-out>
  <testcase classname="testng.Trail2" name="test" time="0.001"/>
  <system-out>
    <![CDATA[Signup]]>
  </system-out>
  <testcase classname="testng.Trail2" name="test" time="0.002"/>
  <system-out>
    <![CDATA[Signup]]>
  </system-out>
  <testcase classname="testng.Trail2" name="test" time="0.008"/>
  <system-out>
    <![CDATA[Signup]]>
  </system-out>
  <testcase classname="testng.Trail2" name="test" time="0.001"/>
  <system-out>
    <![CDATA[Signup]]>
  </system-out>
  <testcase classname="testng.Trail2" name="sample" time="0.001"/>
  <system-out>
    <![CDATA[Login]]>
  </system-out>
  <testcase classname="testng.Trail2" name="sample" time="0.001"/>
  <system-out>
    <![CDATA[Login]]>
  </system-out>
  <testcase classname="testng.Trail2" name="test1" time="0.002"/>
  <system-out>
    <![CDATA[Chat]]>
  </system-out>
</testsuite> <!-- testng.Trail2 -->
