<?xml version="1.0" encoding="UTF-8"?>
<!-- Generated by org.testng.reporters.JUnitReportReporter -->
<testsuite hostname="LAPTOP-8TJF2JEA" failures="0" tests="3" name="testng.Tial3" time="0.003" errors="0" timestamp="2022-02-08T16:22:02 IST" skipped="1">
  <testcase classname="testng.Tial3" name="test" time="0.001"/>
  <system-out>
    <![CDATA[Signup]]>
  </system-out>
  <testcase classname="testng.Tial3" name="sample" time="0.002"/>
  <system-out>
    <![CDATA[Login]]>
  </system-out>
  <testcase classname="testng.Tial3" name="test1">
    <skipped/>
  </testcase> <!-- test1 -->
  <system-out/>
</testsuite> <!-- testng.Tial3 -->
