<?xml version="1.0" encoding="UTF-8"?>
<!-- Generated by org.testng.reporters.JUnitReportReporter -->
<testsuite hostname="LAPTOP-8TJF2JEA" failures="0" tests="8" name="testng.Tial2" time="0.014" errors="0" timestamp="2022-02-08T16:22:02 IST" skipped="0">
  <testcase classname="testng.Tial2" name="test" time="0.001"/>
  <system-out>
    <![CDATA[Signup]]>
  </system-out>
  <testcase classname="testng.Tial2" name="test" time="0.003"/>
  <system-out>
    <![CDATA[Signup]]>
  </system-out>
  <testcase classname="testng.Tial2" name="test" time="0.001"/>
  <system-out>
    <![CDATA[Signup]]>
  </system-out>
  <testcase classname="testng.Tial2" name="test" time="0.000"/>
  <system-out>
    <![CDATA[Signup]]>
  </system-out>
  <testcase classname="testng.Tial2" name="test" time="0.001"/>
  <system-out>
    <![CDATA[Signup]]>
  </system-out>
  <testcase classname="testng.Tial2" name="sample" time="0.003"/>
  <system-out>
    <![CDATA[Login]]>
  </system-out>
  <testcase classname="testng.Tial2" name="sample" time="0.001"/>
  <system-out>
    <![CDATA[Login]]>
  </system-out>
  <testcase classname="testng.Tial2" name="test1" time="0.004"/>
  <system-out>
    <![CDATA[Chat]]>
  </system-out>
</testsuite> <!-- testng.Tial2 -->
