<?xml version="1.0" encoding="UTF-8"?>
<!-- Generated by org.testng.reporters.JUnitReportReporter -->
<testsuite hostname="LAPTOP-8TJF2JEA" failures="0" tests="3" name="testng.Dependancy" time="0.003" errors="0" timestamp="2022-02-08T16:22:02 IST" skipped="0">
  <testcase classname="testng.Dependancy" name="test" time="0.001"/>
  <system-out>
    <![CDATA[Signup]]>
  </system-out>
  <testcase classname="testng.Dependancy" name="test1" time="0.001"/>
  <system-out>
    <![CDATA[Chat]]>
  </system-out>
  <testcase classname="testng.Dependancy" name="sample" time="0.001"/>
  <system-out>
    <![CDATA[Login]]>
  </system-out>
</testsuite> <!-- testng.Dependancy -->
